<?xml version="1.0" encoding="UTF-8"?>
<!-- Generated by org.testng.reporters.JUnitReportReporter -->
<testsuite hostname="DESKTOP-2QQKQ9A" failures="0" tests="1" name="qumu.runners.UIRunner" time="9.389" errors="0" timestamp="2025-02-26T08:42:26 IST" skipped="0">
  <testcase classname="qumu.runners.UIRunner" name="runScenario" time="9.389"/>
</testsuite> <!-- qumu.runners.UIRunner -->
