<?xml version="1.0" encoding="UTF-8"?>
<!-- Generated by org.testng.reporters.JUnitReportReporter -->
<testsuite hostname="DESKTOP-2QQKQ9A" failures="0" tests="8" name="qumu.runners.APIRunner" time="9.603" errors="0" timestamp="2025-02-26T10:54:49 IST" skipped="0">
  <testcase classname="qumu.runners.APIRunner" name="runScenario" time="0.086"/>
  <testcase classname="qumu.runners.APIRunner" name="runScenario" time="0.436"/>
  <testcase classname="qumu.runners.APIRunner" name="runScenario" time="0.442"/>
  <testcase classname="qumu.runners.APIRunner" name="runScenario" time="0.148"/>
  <testcase classname="qumu.runners.APIRunner" name="runScenario" time="0.391"/>
  <testcase classname="qumu.runners.APIRunner" name="runScenario" time="4.331"/>
  <testcase classname="qumu.runners.APIRunner" name="runScenario" time="3.388"/>
  <testcase classname="qumu.runners.APIRunner" name="runScenario" time="0.381"/>
</testsuite> <!-- qumu.runners.APIRunner -->
