<?xml version="1.0" encoding="UTF-8"?>
<!-- Generated by org.testng.reporters.JUnitReportReporter -->
<testsuite hostname="DESKTOP-2QQKQ9A" failures="0" tests="8" name="qumu.runners.APIRunner" time="7.654" errors="0" timestamp="2025-02-26T08:42:26 IST" skipped="0">
  <testcase classname="qumu.runners.APIRunner" name="runScenario" time="3.359"/>
  <testcase classname="qumu.runners.APIRunner" name="runScenario" time="0.382"/>
  <testcase classname="qumu.runners.APIRunner" name="runScenario" time="0.437"/>
  <testcase classname="qumu.runners.APIRunner" name="runScenario" time="0.369"/>
  <testcase classname="qumu.runners.APIRunner" name="runScenario" time="0.371"/>
  <testcase classname="qumu.runners.APIRunner" name="runScenario" time="0.424"/>
  <testcase classname="qumu.runners.APIRunner" name="runScenario" time="0.106"/>
  <testcase classname="qumu.runners.APIRunner" name="runScenario" time="2.206"/>
</testsuite> <!-- qumu.runners.APIRunner -->
